INFO JavaFX Application Thread com.zaxxer.hikari.HikariDataSource - HikariPool-1 - Starting...
INFO JavaFX Application Thread com.zaxxer.hikari.HikariDataSource - HikariPool-1 - Start completed.
INFO JavaFX Application Thread com.zaxxer.hikari.HikariDataSource - HikariPool-1 - Starting...
INFO JavaFX Application Thread com.zaxxer.hikari.HikariDataSource - HikariPool-1 - Start completed.
INFO JavaFX Application Thread com.zaxxer.hikari.HikariDataSource - HikariPool-1 - Starting...
INFO JavaFX Application Thread com.zaxxer.hikari.HikariDataSource - HikariPool-1 - Start completed.
INFO main com.zaxxer.hikari.HikariDataSource - HikariPool-1 - Starting...
INFO main com.zaxxer.hikari.HikariDataSource - HikariPool-1 - Start completed.
INFO JavaFX Application Thread com.zaxxer.hikari.HikariDataSource - HikariPool-1 - Starting...
INFO JavaFX Application Thread com.zaxxer.hikari.HikariDataSource - HikariPool-1 - Start completed.
INFO JavaFX Application Thread com.zaxxer.hikari.HikariDataSource - HikariPool-1 - Starting...
INFO JavaFX Application Thread com.zaxxer.hikari.HikariDataSource - HikariPool-1 - Start completed.
INFO JavaFX Application Thread com.zaxxer.hikari.HikariDataSource - HikariPool-1 - Starting...
INFO JavaFX Application Thread com.zaxxer.hikari.HikariDataSource - HikariPool-1 - Start completed.
INFO main com.zaxxer.hikari.HikariDataSource - HikariPool-1 - Starting...
INFO main com.zaxxer.hikari.HikariDataSource - HikariPool-1 - Start completed.
INFO main com.zaxxer.hikari.HikariDataSource - HikariPool-1 - Starting...
INFO main com.zaxxer.hikari.HikariDataSource - HikariPool-1 - Start completed.
INFO main com.zaxxer.hikari.HikariDataSource - HikariPool-1 - Starting...
INFO main com.zaxxer.hikari.HikariDataSource - HikariPool-1 - Start completed.
INFO main com.zaxxer.hikari.HikariDataSource - HikariPool-1 - Starting...
INFO main com.zaxxer.hikari.HikariDataSource - HikariPool-1 - Start completed.
INFO main com.zaxxer.hikari.HikariDataSource - HikariPool-1 - Starting...
INFO main com.zaxxer.hikari.HikariDataSource - HikariPool-1 - Start completed.
INFO main com.zaxxer.hikari.HikariDataSource - HikariPool-1 - Starting...
INFO main com.zaxxer.hikari.HikariDataSource - HikariPool-1 - Start completed.
INFO main com.zaxxer.hikari.HikariDataSource - HikariPool-1 - Starting...
INFO main com.zaxxer.hikari.HikariDataSource - HikariPool-1 - Start completed.
INFO main com.zaxxer.hikari.HikariDataSource - HikariPool-1 - Starting...
INFO main com.zaxxer.hikari.HikariDataSource - HikariPool-1 - Start completed.
INFO main com.zaxxer.hikari.HikariDataSource - HikariPool-1 - Starting...
INFO main com.zaxxer.hikari.HikariDataSource - HikariPool-1 - Start completed.
INFO main com.zaxxer.hikari.HikariDataSource - HikariPool-1 - Starting...
INFO main com.zaxxer.hikari.HikariDataSource - HikariPool-1 - Start completed.
INFO main com.zaxxer.hikari.HikariDataSource - HikariPool-1 - Starting...
INFO main com.zaxxer.hikari.HikariDataSource - HikariPool-1 - Start completed.
INFO main com.zaxxer.hikari.HikariDataSource - HikariPool-1 - Starting...
INFO main com.zaxxer.hikari.HikariDataSource - HikariPool-1 - Start completed.
INFO main com.zaxxer.hikari.HikariDataSource - HikariPool-1 - Starting...
INFO main com.zaxxer.hikari.HikariDataSource - HikariPool-1 - Start completed.
INFO main com.zaxxer.hikari.HikariDataSource - HikariPool-1 - Starting...
INFO main com.zaxxer.hikari.HikariDataSource - HikariPool-1 - Start completed.
INFO main com.zaxxer.hikari.HikariDataSource - HikariPool-1 - Starting...
INFO main com.zaxxer.hikari.HikariDataSource - HikariPool-1 - Start completed.
INFO main com.zaxxer.hikari.HikariDataSource - HikariPool-1 - Starting...
INFO main com.zaxxer.hikari.HikariDataSource - HikariPool-1 - Start completed.
INFO main com.zaxxer.hikari.HikariDataSource - HikariPool-1 - Starting...
INFO main com.zaxxer.hikari.HikariDataSource - HikariPool-1 - Start completed.
INFO main com.zaxxer.hikari.HikariDataSource - HikariPool-1 - Starting...
INFO main com.zaxxer.hikari.HikariDataSource - HikariPool-1 - Start completed.
INFO main com.zaxxer.hikari.HikariDataSource - HikariPool-1 - Starting...
INFO main com.zaxxer.hikari.HikariDataSource - HikariPool-1 - Start completed.
INFO main com.zaxxer.hikari.HikariDataSource - HikariPool-1 - Starting...
INFO main com.zaxxer.hikari.HikariDataSource - HikariPool-1 - Start completed.
INFO main com.zaxxer.hikari.HikariDataSource - HikariPool-1 - Starting...
INFO main com.zaxxer.hikari.HikariDataSource - HikariPool-1 - Start completed.
INFO main com.zaxxer.hikari.HikariDataSource - HikariPool-1 - Starting...
INFO main com.zaxxer.hikari.HikariDataSource - HikariPool-1 - Start completed.
INFO main com.zaxxer.hikari.HikariDataSource - HikariPool-1 - Starting...
INFO main com.zaxxer.hikari.HikariDataSource - HikariPool-1 - Start completed.
INFO JavaFX Application Thread com.zaxxer.hikari.HikariDataSource - HikariPool-1 - Starting...
INFO JavaFX Application Thread com.zaxxer.hikari.HikariDataSource - HikariPool-1 - Start completed.
INFO JavaFX Application Thread com.zaxxer.hikari.HikariDataSource - HikariPool-1 - Starting...
INFO JavaFX Application Thread com.zaxxer.hikari.HikariDataSource - HikariPool-1 - Start completed.
WARN HikariPool-1 housekeeper com.zaxxer.hikari.pool.HikariPool - HikariPool-1 - Thread starvation or clock leap detected (housekeeper delta=2h25m19s565ms536µs300ns).
WARN HikariPool-1 housekeeper com.zaxxer.hikari.pool.HikariPool - HikariPool-1 - Thread starvation or clock leap detected (housekeeper delta=2h25m19s573ms387µs800ns).
INFO JavaFX Application Thread com.zaxxer.hikari.HikariDataSource - HikariPool-1 - Starting...
INFO JavaFX Application Thread com.zaxxer.hikari.HikariDataSource - HikariPool-1 - Start completed.
INFO JavaFX Application Thread com.zaxxer.hikari.HikariDataSource - HikariPool-1 - Starting...
INFO JavaFX Application Thread com.zaxxer.hikari.HikariDataSource - HikariPool-1 - Start completed.
INFO main com.zaxxer.hikari.HikariDataSource - HikariPool-1 - Starting...
INFO main com.zaxxer.hikari.HikariDataSource - HikariPool-1 - Start completed.
INFO main com.zaxxer.hikari.HikariDataSource - HikariPool-1 - Starting...
INFO main com.zaxxer.hikari.HikariDataSource - HikariPool-1 - Start completed.
INFO main com.zaxxer.hikari.HikariDataSource - HikariPool-1 - Starting...
INFO main com.zaxxer.hikari.HikariDataSource - HikariPool-1 - Start completed.
INFO main com.zaxxer.hikari.HikariDataSource - HikariPool-1 - Starting...
INFO main com.zaxxer.hikari.HikariDataSource - HikariPool-1 - Start completed.
INFO main com.zaxxer.hikari.HikariDataSource - HikariPool-1 - Starting...
INFO main com.zaxxer.hikari.HikariDataSource - HikariPool-1 - Start completed.
INFO main com.zaxxer.hikari.HikariDataSource - HikariPool-1 - Starting...
INFO main com.zaxxer.hikari.HikariDataSource - HikariPool-1 - Start completed.
INFO main com.zaxxer.hikari.HikariDataSource - HikariPool-1 - Starting...
INFO main com.zaxxer.hikari.HikariDataSource - HikariPool-1 - Start completed.
INFO main com.zaxxer.hikari.HikariDataSource - HikariPool-1 - Starting...
INFO main com.zaxxer.hikari.HikariDataSource - HikariPool-1 - Start completed.
INFO main com.zaxxer.hikari.HikariDataSource - HikariPool-1 - Starting...
INFO main com.zaxxer.hikari.HikariDataSource - HikariPool-1 - Start completed.
INFO main com.zaxxer.hikari.HikariDataSource - HikariPool-1 - Starting...
INFO main com.zaxxer.hikari.HikariDataSource - HikariPool-1 - Start completed.
INFO main com.zaxxer.hikari.HikariDataSource - HikariPool-1 - Starting...
INFO main com.zaxxer.hikari.HikariDataSource - HikariPool-1 - Start completed.
INFO main com.zaxxer.hikari.HikariDataSource - HikariPool-1 - Starting...
INFO main com.zaxxer.hikari.HikariDataSource - HikariPool-1 - Start completed.
INFO main com.zaxxer.hikari.HikariDataSource - HikariPool-1 - Starting...
INFO main com.zaxxer.hikari.HikariDataSource - HikariPool-1 - Start completed.
INFO main com.zaxxer.hikari.HikariDataSource - HikariPool-1 - Starting...
INFO main com.zaxxer.hikari.HikariDataSource - HikariPool-1 - Start completed.
INFO main com.zaxxer.hikari.HikariDataSource - HikariPool-1 - Starting...
INFO main com.zaxxer.hikari.HikariDataSource - HikariPool-1 - Start completed.
INFO main com.zaxxer.hikari.HikariDataSource - HikariPool-1 - Starting...
INFO main com.zaxxer.hikari.HikariDataSource - HikariPool-1 - Start completed.
INFO JavaFX Application Thread com.zaxxer.hikari.HikariDataSource - HikariPool-1 - Starting...
INFO JavaFX Application Thread com.zaxxer.hikari.HikariDataSource - HikariPool-1 - Start completed.
